Build started 10/2/2012 7:42:47 PM.
     1>Project "G:\WorkingFolder\MyOpenCVProject\Experimental\Experimental.vcxproj" on node 2 (rebuild target(s)).
     1>InitializeBuildStatus:
         Touching "Debug\Experimental.unsuccessfulbuild".
       ClCompile:
         C:\Program Files (x86)\Microsoft Visual Studio 10.0\VC\bin\CL.exe /c /IC:\opencv2.3\build\include /ZI /nologo /W3 /WX- /Od /Oy- /D WIN32 /D _DEBUG /D _CONSOLE /D _UNICODE /D UNICODE /Gm /EHsc /RTC1 /MDd /GS /fp:precise /Zc:wchar_t /Zc:forScope /Fo"Debug\\" /Fd"Debug\vc100.pdb" /Gd /TP /analyze- /errorReport:prompt Experimental.cpp MyLog.cpp
         MyLog.cpp
     1>g:\workingfolder\myopencvproject\experimental\mylog.cpp(21): warning C4996: 'vsnprintf': This function or variable may be unsafe. Consider using vsnprintf_s instead. To disable deprecation, use _CRT_SECURE_NO_WARNINGS. See online help for details.
                 c:\program files (x86)\microsoft visual studio 10.0\vc\include\stdio.h(354) : see declaration of 'vsnprintf'
         Experimental.cpp
     1>g:\workingfolder\myopencvproject\experimental\experimental.cpp(88): warning C4996: 'ctime': This function or variable may be unsafe. Consider using ctime_s instead. To disable deprecation, use _CRT_SECURE_NO_WARNINGS. See online help for details.
                 c:\program files (x86)\microsoft visual studio 10.0\vc\include\time.inl(86) : see declaration of 'ctime'
     1>g:\workingfolder\myopencvproject\experimental\experimental.cpp(93): warning C4996: 'strcpy': This function or variable may be unsafe. Consider using strcpy_s instead. To disable deprecation, use _CRT_SECURE_NO_WARNINGS. See online help for details.
                 c:\program files (x86)\microsoft visual studio 10.0\vc\include\string.h(105) : see declaration of 'strcpy'
     1>g:\workingfolder\myopencvproject\experimental\experimental.cpp(94): warning C4996: 'strcat': This function or variable may be unsafe. Consider using strcat_s instead. To disable deprecation, use _CRT_SECURE_NO_WARNINGS. See online help for details.
                 c:\program files (x86)\microsoft visual studio 10.0\vc\include\string.h(110) : see declaration of 'strcat'
     1>g:\workingfolder\myopencvproject\experimental\experimental.cpp(95): warning C4996: 'strcpy': This function or variable may be unsafe. Consider using strcpy_s instead. To disable deprecation, use _CRT_SECURE_NO_WARNINGS. See online help for details.
                 c:\program files (x86)\microsoft visual studio 10.0\vc\include\string.h(105) : see declaration of 'strcpy'
     1>g:\workingfolder\myopencvproject\experimental\experimental.cpp(96): warning C4996: 'strcat': This function or variable may be unsafe. Consider using strcat_s instead. To disable deprecation, use _CRT_SECURE_NO_WARNINGS. See online help for details.
                 c:\program files (x86)\microsoft visual studio 10.0\vc\include\string.h(110) : see declaration of 'strcat'
     1>g:\workingfolder\myopencvproject\experimental\experimental.cpp(145): warning C4244: 'initializing' : conversion from 'double' to 'float', possible loss of data
     1>g:\workingfolder\myopencvproject\experimental\experimental.cpp(167): warning C4996: 'ctime': This function or variable may be unsafe. Consider using ctime_s instead. To disable deprecation, use _CRT_SECURE_NO_WARNINGS. See online help for details.
                 c:\program files (x86)\microsoft visual studio 10.0\vc\include\time.inl(86) : see declaration of 'ctime'
     1>g:\workingfolder\myopencvproject\experimental\experimental.cpp(172): warning C4996: 'strcpy': This function or variable may be unsafe. Consider using strcpy_s instead. To disable deprecation, use _CRT_SECURE_NO_WARNINGS. See online help for details.
                 c:\program files (x86)\microsoft visual studio 10.0\vc\include\string.h(105) : see declaration of 'strcpy'
     1>g:\workingfolder\myopencvproject\experimental\experimental.cpp(173): warning C4996: 'strcat': This function or variable may be unsafe. Consider using strcat_s instead. To disable deprecation, use _CRT_SECURE_NO_WARNINGS. See online help for details.
                 c:\program files (x86)\microsoft visual studio 10.0\vc\include\string.h(110) : see declaration of 'strcat'
     1>g:\workingfolder\myopencvproject\experimental\experimental.cpp(174): warning C4996: 'strcpy': This function or variable may be unsafe. Consider using strcpy_s instead. To disable deprecation, use _CRT_SECURE_NO_WARNINGS. See online help for details.
                 c:\program files (x86)\microsoft visual studio 10.0\vc\include\string.h(105) : see declaration of 'strcpy'
     1>g:\workingfolder\myopencvproject\experimental\experimental.cpp(175): warning C4996: 'strcat': This function or variable may be unsafe. Consider using strcat_s instead. To disable deprecation, use _CRT_SECURE_NO_WARNINGS. See online help for details.
                 c:\program files (x86)\microsoft visual studio 10.0\vc\include\string.h(110) : see declaration of 'strcat'
     1>g:\workingfolder\myopencvproject\experimental\experimental.cpp(187): warning C4244: 'initializing' : conversion from 'double' to 'float', possible loss of data
     1>g:\workingfolder\myopencvproject\experimental\experimental.cpp(201): warning C4996: 'ctime': This function or variable may be unsafe. Consider using ctime_s instead. To disable deprecation, use _CRT_SECURE_NO_WARNINGS. See online help for details.
                 c:\program files (x86)\microsoft visual studio 10.0\vc\include\time.inl(86) : see declaration of 'ctime'
     1>g:\workingfolder\myopencvproject\experimental\experimental.cpp(206): warning C4996: 'strcpy': This function or variable may be unsafe. Consider using strcpy_s instead. To disable deprecation, use _CRT_SECURE_NO_WARNINGS. See online help for details.
                 c:\program files (x86)\microsoft visual studio 10.0\vc\include\string.h(105) : see declaration of 'strcpy'
     1>g:\workingfolder\myopencvproject\experimental\experimental.cpp(207): warning C4996: 'strcat': This function or variable may be unsafe. Consider using strcat_s instead. To disable deprecation, use _CRT_SECURE_NO_WARNINGS. See online help for details.
                 c:\program files (x86)\microsoft visual studio 10.0\vc\include\string.h(110) : see declaration of 'strcat'
     1>g:\workingfolder\myopencvproject\experimental\experimental.cpp(208): warning C4996: 'strcpy': This function or variable may be unsafe. Consider using strcpy_s instead. To disable deprecation, use _CRT_SECURE_NO_WARNINGS. See online help for details.
                 c:\program files (x86)\microsoft visual studio 10.0\vc\include\string.h(105) : see declaration of 'strcpy'
     1>g:\workingfolder\myopencvproject\experimental\experimental.cpp(209): warning C4996: 'strcat': This function or variable may be unsafe. Consider using strcat_s instead. To disable deprecation, use _CRT_SECURE_NO_WARNINGS. See online help for details.
                 c:\program files (x86)\microsoft visual studio 10.0\vc\include\string.h(110) : see declaration of 'strcat'
     1>g:\workingfolder\myopencvproject\experimental\experimental.cpp(220): warning C4244: 'initializing' : conversion from 'double' to 'float', possible loss of data
     1>g:\workingfolder\myopencvproject\experimental\experimental.cpp(661): warning C4244: '=' : conversion from 'double' to 'uchar', possible loss of data
     1>g:\workingfolder\myopencvproject\experimental\experimental.cpp(693): warning C4244: '=' : conversion from 'double' to 'float', possible loss of data
     1>g:\workingfolder\myopencvproject\experimental\experimental.cpp(739): warning C4018: '<' : signed/unsigned mismatch
         Generating Code...
       ManifestResourceCompile:
         C:\Program Files (x86)\Microsoft SDKs\Windows\v7.0A\bin\rc.exe /nologo /fo"Debug\Experimental.exe.embed.manifest.res" Debug\Experimental_manifest.rc 
       Link:
         C:\Program Files (x86)\Microsoft Visual Studio 10.0\VC\bin\link.exe /ERRORREPORT:PROMPT /OUT:"G:\WorkingFolder\MyOpenCVProject\Debug\Experimental.exe" /INCREMENTAL /NOLOGO /LIBPATH:C:\opencv2.3\vs2010\lib\Debug opencv_core231d.lib opencv_highgui231d.lib opencv_imgproc231d.lib opencv_contrib231d.lib opencv_features2d231d.lib kernel32.lib user32.lib gdi32.lib winspool.lib comdlg32.lib advapi32.lib shell32.lib ole32.lib oleaut32.lib uuid.lib odbc32.lib odbccp32.lib /MANIFEST /ManifestFile:"Debug\Experimental.exe.intermediate.manifest" /MANIFESTUAC:"level='asInvoker' uiAccess='false'" /DEBUG /PDB:"G:\WorkingFolder\MyOpenCVProject\Debug\Experimental.pdb" /SUBSYSTEM:CONSOLE /TLBID:1 /DYNAMICBASE /NXCOMPAT /IMPLIB:"G:\WorkingFolder\MyOpenCVProject\Debug\Experimental.lib" /MACHINE:X86 Debug\Experimental.exe.embed.manifest.res
         Debug\Experimental.obj
         Debug\MyLog.obj
     1>Experimental.obj : error LNK2019: unresolved external symbol "public: __thiscall cv::flann::KDTreeIndexParams::KDTreeIndexParams(int)" (??0KDTreeIndexParams@flann@cv@@QAE@H@Z) referenced in function "void __cdecl EvaluateNN(double)" (?EvaluateNN@@YAXN@Z)
     1>Experimental.obj : error LNK2019: unresolved external symbol "public: __thiscall cv::flann::SearchParams::SearchParams(int,float,bool)" (??0SearchParams@flann@cv@@QAE@HM_N@Z) referenced in function "void __cdecl EvaluateNN(double)" (?EvaluateNN@@YAXN@Z)
     1>Experimental.obj : error LNK2019: unresolved external symbol "class cv::Mat __cdecl cv::findHomography(class cv::_InputArray const &,class cv::_InputArray const &,class cv::_OutputArray const &,int,double)" (?findHomography@cv@@YA?AVMat@1@ABV_InputArray@1@0ABV_OutputArray@1@HN@Z) referenced in function "class cv::Mat __cdecl HomographyTest(void)" (?HomographyTest@@YA?AVMat@cv@@XZ)
     1>Experimental.obj : error LNK2019: unresolved external symbol "public: __thiscall cv::flann::IndexParams::~IndexParams(void)" (??1IndexParams@flann@cv@@QAE@XZ) referenced in function "public: void * __thiscall cv::flann::IndexParams::`scalar deleting destructor'(unsigned int)" (??_GIndexParams@flann@cv@@QAEPAXI@Z)
     1>G:\WorkingFolder\MyOpenCVProject\Debug\Experimental.exe : fatal error LNK1120: 4 unresolved externals
     1>Done Building Project "G:\WorkingFolder\MyOpenCVProject\Experimental\Experimental.vcxproj" (rebuild target(s)) -- FAILED.

Build FAILED.

Time Elapsed 00:00:01.85
